C251 COMPILER V5.04b,  stc8051u_it                                                         22/12/24  10:45:14  PAGE 1   


C251 COMPILER V5.04b, COMPILATION OF MODULE stc8051u_it
OBJECT MODULE PLACED IN .\Objects\stc8051u_it.obj
COMPILER INVOKED BY: D:\Compiler\Keil_v5\C251\BIN\C251.EXE Mcu\8051u\Src\stc8051u_it.c XSMALL FUNCTIONS(REENTRANT) WARNI
                    -NGLEVEL(3) OPTIMIZE(3,SPEED) BROWSE ORDER INCDIR(.\Inc;.\Mcu\8051u\Inc) INTVECTOR(0X1000) DEBUG PRINT(.\Objects\stc8051u
                    -_it.lst) TABS(2) OBJECT(.\Objects\stc8051u_it.obj) 

stmt  level    source

    1          /*
    2           * stc8051u_it.c
    3           *
    4           *  Created on: 2024年12月1日
    5           *      Author: 17263
    6           */
    7          #include "input.h"
    8          #include "main.h"
    9          #include "stc8051u_it.h"
   10          
   11          #include "functions.h"
   12          #include "phaseouts.h"
   13          #include "commutate.h"
   14          #include "peripherals.h"
   15          
   16          uint8_t interrupt_time = 0;
   17          
   18          
   19          void CMP_IRQHandler(void)
   20          {
   21   1        interruptRoutine();
   22   1        P4INTF = 0x00;    
   23   1      }
   24          
   25          void TWENTY_KHZ_IRQHandler(void)
   26          { 
   27   1        TwentyKhzRoutine();
   28   1      }
   29          
   30          void COM_TIMER_IRQHandler(void)
   31          {
   32   1        PeriodElapsedCallback();
   33   1      }
   34          
   35          void IC_IRQHandler(void)
   36          {
   37   1          dma_buffer[interrupt_time++] = ((uint16_t)PWMB_CCR5H << 8 | PWMB_CCR5L);
   38   1      
   39   1        if (interrupt_time == buffersize / 2) {
   40   2          if(servoPwm){
   41   3                  PWMB_CCER1 = 0x03;
   42   3          }
   43   2          }
   44   1        
   45   1        if (interrupt_time == buffersize) {
   46   2          transfercomplete();
   47   2          input_ready = 1;
   48   2              interrupt_time = 0;
   49   2          }
   50   1      }
   51          


Module Information          Static   Overlayable
------------------------------------------------
  code size            =       314     ------
  ecode size           =    ------     ------
  data size            =    ------     ------
C251 COMPILER V5.04b,  stc8051u_it                                                         22/12/24  10:45:14  PAGE 2   

  idata size           =    ------     ------
  pdata size           =    ------     ------
  xdata size           =    ------     ------
  xdata-const size     =    ------     ------
  edata size           =         1     ------
  bit size             =    ------     ------
  ebit size            =    ------     ------
  bitaddressable size  =    ------     ------
  ebitaddressable size =    ------     ------
  far data size        =    ------     ------
  huge data size       =    ------     ------
  const size           =    ------     ------
  hconst size          =         5     ------
End of Module Information.


C251 COMPILATION COMPLETE.  0 WARNING(S),  0 ERROR(S)
